2019-09-12 09:15:04,661 - root - INFO - Running MCDA - ELECTRE - exp1/
2019-09-12 09:15:04,726 - placementOnlyCloud - INFO -  Placement Initialization of MCDA-Placement in NodeCLOUD: 153
2019-09-12 09:15:04,726 - MCDAPathSelectionNPlacement - INFO -   MCDA - ELECTRE - Routing, Placement and Selection initialitzed 
2019-09-12 09:15:04,730 - jsonDynamicPopulation - INFO -  Initializating dynamic population: Dynamic_1
2019-09-12 09:15:04,730 - jsonDynamicPopulation - INFO -  Initializating dynamic population: Dynamic_0
2019-09-12 09:15:04,730 - jsonDynamicPopulation - INFO -  Initializating dynamic population: Dynamic_3
2019-09-12 09:15:04,730 - jsonDynamicPopulation - INFO -  Initializating dynamic population: Dynamic_2
2019-09-12 09:15:04,730 - jsonDynamicPopulation - INFO -  Initializating dynamic population: Dynamic_5
2019-09-12 09:15:04,731 - jsonDynamicPopulation - INFO -  Initializating dynamic population: Dynamic_4
2019-09-12 09:15:04,731 - jsonDynamicPopulation - INFO -  Initializating dynamic population: Dynamic_7
2019-09-12 09:15:04,731 - jsonDynamicPopulation - INFO -  Initializating dynamic population: Dynamic_6
2019-09-12 09:15:04,731 - jsonDynamicPopulation - INFO -  Initializating dynamic population: Dynamic_9
2019-09-12 09:15:04,731 - jsonDynamicPopulation - INFO -  Initializating dynamic population: Dynamic_8
2019-09-12 09:15:04,731 - root - INFO -  Performing simulation: MCDA 0 
2019-09-12 09:15:04,779 - jsonDynamicPopulation - INFO - Launching user 194 (app: 6), in node: 194, at time: 12 
2019-09-12 09:15:04,779 - jsonDynamicPopulation - INFO - Launching user 199 (app: 8), in node: 199, at time: 53 
2019-09-12 09:15:04,779 - jsonDynamicPopulation - INFO - Launching user 198 (app: 7), in node: 198, at time: 137 
2019-09-12 09:15:04,780 - root - INFO - Take an action on service: 8_52 from node: 199
2019-09-12 09:15:04,783 - MCDAPathSelectionNPlacement - INFO - Ignored nodes [194, 198, 199]
2019-09-12 09:15:04,815 - MCDAPathSelectionNPlacement - INFO - Running R script
